d:\programmering i c++\sfml-final\sfml-asteroids(mastercopy)\sfml project vs2017\sfml project vs2017\sfml project\bin\x86-debug\sfml project.ilk
d:\programmering i c++\sfml-final\sfml-asteroids(mastercopy)\sfml project vs2017\sfml project vs2017\sfml project\bin\x86-debug\sfml project.exe
d:\programmering i c++\sfml-final\sfml-asteroids(mastercopy)\sfml project vs2017\sfml project vs2017\sfml project\bin\x86-debug\sfml project.pdb
d:\programmering i c++\sfml-final\sfml-asteroids(mastercopy) - alpha\sfml project vs2017\sfml project vs2017\sfml project\bin\x86-debug\sfml project.ilk
d:\programmering i c++\sfml-final\sfml-asteroids(mastercopy) - alpha\sfml project vs2017\sfml project vs2017\sfml project\bin\x86-debug\sfml project.exe
d:\programmering i c++\sfml-final\sfml-asteroids(mastercopy) - alpha\sfml project vs2017\sfml project vs2017\sfml project\bin\x86-debug\sfml project.pdb
d:\programmering i c++\sfml-final\sfml-asteroids(mastercopy)\sfml project vs2017\sfml project vs2017\sfml project\obj\x86-debug\vc141.pdb
d:\programmering i c++\sfml-final\sfml-asteroids(mastercopy)\sfml project vs2017\sfml project vs2017\sfml project\obj\x86-debug\vc141.idb
d:\programmering i c++\sfml-final\sfml-asteroids(mastercopy)\sfml project vs2017\sfml project vs2017\sfml project\obj\x86-debug\main2.obj
d:\programmering i c++\sfml-final\sfml-asteroids(mastercopy) - alpha\sfml project vs2017\sfml project vs2017\sfml project\obj\x86-debug\vc141.pdb
d:\programmering i c++\sfml-final\sfml-asteroids(mastercopy) - alpha\sfml project vs2017\sfml project vs2017\sfml project\obj\x86-debug\vc141.idb
d:\programmering i c++\sfml-final\sfml-asteroids(mastercopy) - alpha\sfml project vs2017\sfml project vs2017\sfml project\obj\x86-debug\entity.obj
d:\programmering i c++\sfml-final\sfml-asteroids(mastercopy) - alpha\sfml project vs2017\sfml project vs2017\sfml project\obj\x86-debug\fonthandler.obj
d:\programmering i c++\sfml-final\sfml-asteroids(mastercopy) - alpha\sfml project vs2017\sfml project vs2017\sfml project\obj\x86-debug\spaceship.obj
d:\programmering i c++\sfml-final\sfml-asteroids(mastercopy) - alpha\sfml project vs2017\sfml project vs2017\sfml project\obj\x86-debug\asteroids.obj
d:\programmering i c++\sfml-final\sfml-asteroids(mastercopy) - alpha\sfml project vs2017\sfml project vs2017\sfml project\obj\x86-debug\main2.obj
d:\programmering i c++\sfml-final\sfml-asteroids(mastercopy) - alpha\sfml project vs2017\sfml project vs2017\sfml project\obj\x86-debug\game.obj
d:\programmering i c++\sfml-final\sfml-asteroids(mastercopy) - alpha\sfml project vs2017\sfml project vs2017\sfml project\obj\x86-debug\bullet.obj
d:\programmering i c++\sfml-final\sfml-asteroids(mastercopy) - alpha\sfml project vs2017\sfml project vs2017\sfml project\obj\x86-debug\destentity.obj
d:\programmering i c++\sfml-final\sfml-asteroids(mastercopy) - alpha\sfml project vs2017\sfml project vs2017\sfml project\obj\x86-debug\sfml project.tlog\cl.command.1.tlog
d:\programmering i c++\sfml-final\sfml-asteroids(mastercopy) - alpha\sfml project vs2017\sfml project vs2017\sfml project\obj\x86-debug\sfml project.tlog\link.command.1.tlog
d:\programmering i c++\sfml-final\sfml-asteroids(mastercopy) - alpha\sfml project vs2017\sfml project vs2017\sfml project\obj\x86-debug\sfml project.tlog\link.write.1.tlog
d:\programmering i c++\sfml-final\sfml-asteroids(mastercopy) - alpha\sfml project vs2017\sfml project vs2017\sfml project\obj\x86-debug\sfml project.tlog\cl.write.1.tlog
d:\programmering i c++\sfml-final\sfml-asteroids(mastercopy) - alpha\sfml project vs2017\sfml project vs2017\sfml project\obj\x86-debug\sfml project.tlog\link.read.1.tlog
d:\programmering i c++\sfml-final\sfml-asteroids(mastercopy) - alpha\sfml project vs2017\sfml project vs2017\sfml project\obj\x86-debug\sfml project.tlog\cl.read.1.tlog
